Telegram: 200 {"ok":true,"result":{"message_id":8,"from":{"id":8444621279,"is_bot":true,"first_name":"bcnews_update_bot","username":"bcnewsupdate_bot"},"chat":{"id":580524444,"first_name":"Eko","last_name":"Prasetyo","username":"eprstyo","type":"private"},"date":1770631707,"text":"\ud83d\udec3 Bea Cukai (NewsAPI)\n\ud83d\udcf0 CGTN: Bagaimana Tiongkok dan Kanada mempromosikan pengembangan hubungan bilateral yang stabil, kokoh, dan sehat di tengah situasi baru\n\ud83d\udccc GlobeNewswire\n\ud83d\udd17 https://www.globenewswire.com/news-release/2026/01/18/3220651/0/id/CGTN-Bagaimana-Tiongkok-dan-Kanada-mempromosikan-pengembangan-hubungan-bilateral-yang-stabil-kokoh-dan-sehat-di-tengah-situasi-baru.html","entities":[{"offset":181,"length":203,"type":"url"}],"link_preview_options":{"url":"https://www.globenewswire.com/news-release/2026/01/18/3220651/0/id/CGTN-Bagaimana-Tiongkok-dan-Kanada-mempromosikan-pengembangan-hubungan-bilateral-yang-stabil-kokoh-dan-sehat-di-tengah-situasi-baru.html"}}}
Telegram: 200 {"ok":true,"result":{"message_id":9,"from":{"id":8444621279,"is_bot":true,"first_name":"bcnews_update_bot","username":"bcnewsupdate_bot"},"chat":{"id":580524444,"first_name":"Eko","last_name":"Prasetyo","username":"eprstyo","type":"private"},"date":1770631734,"text":"\ud83d\udec3 Bea Cukai (NewsAPI)\n\ud83d\udcf0 CGTN: Bagaimana Tiongkok dan Kanada mempromosikan pengembangan hubungan bilateral yang stabil, kokoh, dan sehat di tengah situasi baru\n\ud83d\udccc GlobeNewswire\n\ud83d\udd17 https://www.globenewswire.com/news-release/2026/01/18/3220651/0/id/CGTN-Bagaimana-Tiongkok-dan-Kanada-mempromosikan-pengembangan-hubungan-bilateral-yang-stabil-kokoh-dan-sehat-di-tengah-situasi-baru.html","entities":[{"offset":181,"length":203,"type":"url"}],"link_preview_options":{"url":"https://www.globenewswire.com/news-release/2026/01/18/3220651/0/id/CGTN-Bagaimana-Tiongkok-dan-Kanada-mempromosikan-pengembangan-hubungan-bilateral-yang-stabil-kokoh-dan-sehat-di-tengah-situasi-baru.html"}}}
Telegram: 200 {"ok":true,"result":{"message_id":10,"from":{"id":8444621279,"is_bot":true,"first_name":"bcnews_update_bot","username":"bcnewsupdate_bot"},"chat":{"id":580524444,"first_name":"Eko","last_name":"Prasetyo","username":"eprstyo","type":"private"},"date":1770631769,"text":"\ud83d\udec3 Bea Cukai (NewsAPI)\n\ud83d\udcf0 CGTN: Bagaimana Tiongkok dan Kanada mempromosikan pengembangan hubungan bilateral yang stabil, kokoh, dan sehat di tengah situasi baru\n\ud83d\udccc GlobeNewswire\n\ud83d\udd17 https://www.globenewswire.com/news-release/2026/01/18/3220651/0/id/CGTN-Bagaimana-Tiongkok-dan-Kanada-mempromosikan-pengembangan-hubungan-bilateral-yang-stabil-kokoh-dan-sehat-di-tengah-situasi-baru.html","entities":[{"offset":181,"length":203,"type":"url"}],"link_preview_options":{"url":"https://www.globenewswire.com/news-release/2026/01/18/3220651/0/id/CGTN-Bagaimana-Tiongkok-dan-Kanada-mempromosikan-pengembangan-hubungan-bilateral-yang-stabil-kokoh-dan-sehat-di-tengah-situasi-baru.html"}}}
✅ NewsAPI mode used: fallback(all): "bea cukai" OR DJBC
Telegram: 200 {"ok":true,"result":{"message_id":12,"from":{"id":8444621279,"is_bot":true,"first_name":"bcnews_update_bot","username":"bcnewsupdate_bot"},"chat":{"id":580524444,"first_name":"Eko","last_name":"Prasetyo","username":"eprstyo","type":"private"},"date":1770632671,"text":"\ud83d\udec3 Bea Cukai (NewsAPI)\n\ud83d\udcf0 CGTN: Bagaimana Tiongkok dan Kanada mempromosikan pengembangan hubungan bilateral yang stabil, kokoh, dan sehat di tengah situasi baru\n\ud83d\udccc GlobeNewswire\n\ud83d\udd17 https://www.globenewswire.com/news-release/2026/01/18/3220651/0/id/CGTN-Bagaimana-Tiongkok-dan-Kanada-mempromosikan-pengembangan-hubungan-bilateral-yang-stabil-kokoh-dan-sehat-di-tengah-situasi-baru.html","entities":[{"offset":181,"length":203,"type":"url"}],"link_preview_options":{"url":"https://www.globenewswire.com/news-release/2026/01/18/3220651/0/id/CGTN-Bagaimana-Tiongkok-dan-Kanada-mempromosikan-pengembangan-hubungan-bilateral-yang-stabil-kokoh-dan-sehat-di-tengah-situasi-baru.html"}}}
⚠️ GDELT unexpected payload keys: []
⚠️ GDELT returned non-JSON (first 200): Queries containing OR'd terms must be surrounded by ().

No GDELT articles found. (last attempt: non-json response)
No NewsAPI articles found (even after fallback).
⚠️ GDELT unexpected payload keys: []
⚠️ GDELT unexpected payload keys: []
⚠️ GDELT unexpected payload keys: []
No GDELT articles found. (last attempt: no results)
✅ NewsAPI mode used: primary(no-lang): "bea cukai" OR DJBC OR Kemenkeu OR "Kementerian Keuangan"
Telegram: 200
✅ Google News RSS OK: https://news.google.com/rss/search?q=bea%20cukai%20OR%20DJBC%20OR%20Kemenkeu&hl=id&gl=ID&ceid=ID:id
Telegram: 200
Telegram: 200
Telegram: 200
Telegram: 200
Telegram: 200
